<?xml version="1.0" encoding="UTF-8"?>
<!-- Generated by org.testng.reporters.JUnitXMLReporter -->
<testsuite hostname="HP" name="Test" tests="1" failures="1" timestamp="28 Jul 2021 15:36:53 GMT" time="0.107" errors="0">
  <testcase name="tco" time="0.044" classname="org.test2.Test2.D">
    <failure type="org.testng.TestNGException" message="
The data provider is trying to pass 1 parameters but the method org.test2.Test2.D#tco takes 2 and TestNG is unable in inject a suitable object">
      <![CDATA[org.testng.TestNGException: 
The data provider is trying to pass 1 parameters but the method org.test2.Test2.D#tco takes 2 and TestNG is unable in inject a suitable object
Caused by: java.lang.ArrayIndexOutOfBoundsException: 1
	... 17 more
... Removed 19 stack frames]]>
    </failure>
  </testcase> <!-- tco -->
</testsuite> <!-- Test -->
